00:26:07 **** Incremental Build of configuration Debug for project nucleo-f446re-cc1120 ****
make -j12 all 
arm-none-eabi-gcc "../Core/Src/comms_manager.c" -mcpu=cortex-m4 -std=gnu11 -g3 -DUSE_HAL_DRIVER -DSTM32F446xx -DDEBUG -c -I../Core/Inc -I../Drivers/STM32F4xx_HAL_Driver/Inc -I../Drivers/STM32F4xx_HAL_Driver/Inc/Legacy -I../Drivers/CMSIS/Device/ST/STM32F4xx/Include -I../Drivers/CMSIS/Include -I"C:/Users/seant/OneDrive/Documents/QSAT/CC1120/NUCLEO-F446RE-Workspace/NUCLEO-F446RE-CC1120/external/includes" -O0 -ffunction-sections -fdata-sections -Wall -fstack-usage -MMD -MP -MF"Core/Src/comms_manager.d" -MT"Core/Src/comms_manager.o" --specs=nano.specs -mfpu=fpv4-sp-d16 -mfloat-abi=hard -mthumb -o "Core/Src/comms_manager.o"
../Core/Src/comms_manager.c: In function 'check_rf_switch_cmd':
../Core/Src/comms_manager.c:156:11: warning: unused variable 'flag' [-Wunused-variable]
  156 |   uint8_t flag = 0;
      |           ^~~~
../Core/Src/comms_manager.c: In function 'comms_routine_dispatcher':
../Core/Src/comms_manager.c:387:13: warning: implicit declaration of function 'rx_ecss' [-Wimplicit-function-declaration]
  387 |       ret = rx_ecss(recv_buffer, ret);
      |             ^~~~~~~
In file included from ../Core/Src/comms_manager.c:27:
At top level:
../Core/Inc/log.h:29:15: warning: '_ecss_dbg_buffer_len' defined but not used [-Wunused-variable]
   29 | static size_t _ecss_dbg_buffer_len;
      |               ^~~~~~~~~~~~~~~~~~~~
../Core/Inc/log.h:28:16: warning: '_ecss_dbg_buffer' defined but not used [-Wunused-variable]
   28 | static uint8_t _ecss_dbg_buffer[200];
      |                ^~~~~~~~~~~~~~~~
../Core/Inc/log.h:27:16: warning: '_log_uart_buffer' defined but not used [-Wunused-variable]
   27 | static uint8_t _log_uart_buffer[COMMS_UART_BUF_LEN];
      |                ^~~~~~~~~~~~~~~~
arm-none-eabi-g++ -o "nucleo-f446re-cc1120.elf" @"objects.list"   -mcpu=cortex-m4 -T"C:\Users\seant\OneDrive\Documents\QSAT\CC1120\NUCLEO-F446RE-Workspace\nucleo-f446re-cc1120\STM32F446RETX_FLASH.ld" --specs=nosys.specs -Wl,-Map="nucleo-f446re-cc1120.map" -Wl,--gc-sections -static --specs=nano.specs -mfpu=fpv4-sp-d16 -mfloat-abi=hard -mthumb -Wl,--start-group -lc -lm -lstdc++ -lsupc++ -Wl,--end-group
c:\st\stm32cubeide_1.5.0\stm32cubeide\plugins\com.st.stm32cube.ide.mcu.externaltools.gnu-tools-for-stm32.9-2020-q2-update.win32_1.5.0.202011040924\tools\arm-none-eabi\bin\ld.exe: Core/Startup/startup_stm32f446retx.o: in function `LoopFillZerobss':
C:/Users/seant/OneDrive/Documents/QSAT/CC1120/NUCLEO-F446RE-Workspace/nucleo-f446re-cc1120/Debug/../Core/Startup/startup_stm32f446retx.s:93: undefined reference to `SystemInit'
c:\st\stm32cubeide_1.5.0\stm32cubeide\plugins\com.st.stm32cube.ide.mcu.externaltools.gnu-tools-for-stm32.9-2020-q2-update.win32_1.5.0.202011040924\tools\arm-none-eabi\bin\ld.exe: Core/Src/main.o: in function `main':
C:/Users/seant/OneDrive/Documents/QSAT/CC1120/NUCLEO-F446RE-Workspace/nucleo-f446re-cc1120/Debug/../Core/Src/main.c:139: undefined reference to `initUART'
c:\st\stm32cubeide_1.5.0\stm32cubeide\plugins\com.st.stm32cube.ide.mcu.externaltools.gnu-tools-for-stm32.9-2020-q2-update.win32_1.5.0.202011040924\tools\arm-none-eabi\bin\ld.exe: Core/Src/stm32f4xx_hal_msp.o: in function `HAL_ADC_MspInit':
C:/Users/seant/OneDrive/Documents/QSAT/CC1120/NUCLEO-F446RE-Workspace/nucleo-f446re-cc1120/Debug/../Core/Src/stm32f4xx_hal_msp.c:115: undefined reference to `hdma_adc1'
c:\st\stm32cubeide_1.5.0\stm32cubeide\plugins\com.st.stm32cube.ide.mcu.externaltools.gnu-tools-for-stm32.9-2020-q2-update.win32_1.5.0.202011040924\tools\arm-none-eabi\bin\ld.exe: Core/Src/stm32f4xx_hal_msp.o: in function `HAL_SPI_MspInit':
C:/Users/seant/OneDrive/Documents/QSAT/CC1120/NUCLEO-F446RE-Workspace/nucleo-f446re-cc1120/Debug/../Core/Src/stm32f4xx_hal_msp.c:287: undefined reference to `hdma_spi1_tx'
c:\st\stm32cubeide_1.5.0\stm32cubeide\plugins\com.st.stm32cube.ide.mcu.externaltools.gnu-tools-for-stm32.9-2020-q2-update.win32_1.5.0.202011040924\tools\arm-none-eabi\bin\ld.exe: C:/Users/seant/OneDrive/Documents/QSAT/CC1120/NUCLEO-F446RE-Workspace/nucleo-f446re-cc1120/Debug/../Core/Src/stm32f4xx_hal_msp.c:287: undefined reference to `hdma_spi2_rx'
c:\st\stm32cubeide_1.5.0\stm32cubeide\plugins\com.st.stm32cube.ide.mcu.externaltools.gnu-tools-for-stm32.9-2020-q2-update.win32_1.5.0.202011040924\tools\arm-none-eabi\bin\ld.exe: Core/Src/stm32f4xx_hal_msp.o: in function `HAL_UART_MspInit':
C:/Users/seant/OneDrive/Documents/QSAT/CC1120/NUCLEO-F446RE-Workspace/nucleo-f446re-cc1120/Debug/../Core/Src/stm32f4xx_hal_msp.c:416: undefined reference to `hdma_uart5_tx'
c:\st\stm32cubeide_1.5.0\stm32cubeide\plugins\com.st.stm32cube.ide.mcu.externaltools.gnu-tools-for-stm32.9-2020-q2-update.win32_1.5.0.202011040924\tools\arm-none-eabi\bin\ld.exe: Core/Src/stm32f4xx_it.o: in function `DMA1_Stream3_IRQHandler':
C:/Users/seant/OneDrive/Documents/QSAT/CC1120/NUCLEO-F446RE-Workspace/nucleo-f446re-cc1120/Debug/../Core/Src/stm32f4xx_it.c:210: undefined reference to `hdma_spi2_rx'
c:\st\stm32cubeide_1.5.0\stm32cubeide\plugins\com.st.stm32cube.ide.mcu.externaltools.gnu-tools-for-stm32.9-2020-q2-update.win32_1.5.0.202011040924\tools\arm-none-eabi\bin\ld.exe: Core/Src/stm32f4xx_it.o: in function `DMA1_Stream7_IRQHandler':
C:/Users/seant/OneDrive/Documents/QSAT/CC1120/NUCLEO-F446RE-Workspace/nucleo-f446re-cc1120/Debug/../Core/Src/stm32f4xx_it.c:267: undefined reference to `hdma_uart5_tx'
c:\st\stm32cubeide_1.5.0\stm32cubeide\plugins\com.st.stm32cube.ide.mcu.externaltools.gnu-tools-for-stm32.9-2020-q2-update.win32_1.5.0.202011040924\tools\arm-none-eabi\bin\ld.exe: Core/Src/stm32f4xx_it.o: in function `UART5_IRQHandler':
C:/Users/seant/OneDrive/Documents/QSAT/CC1120/NUCLEO-F446RE-Workspace/nucleo-f446re-cc1120/Debug/../Core/Src/stm32f4xx_it.c:282: undefined reference to `huart5'
c:\st\stm32cubeide_1.5.0\stm32cubeide\plugins\com.st.stm32cube.ide.mcu.externaltools.gnu-tools-for-stm32.9-2020-q2-update.win32_1.5.0.202011040924\tools\arm-none-eabi\bin\ld.exe: Core/Src/stm32f4xx_it.o: in function `DMA2_Stream0_IRQHandler':
C:/Users/seant/OneDrive/Documents/QSAT/CC1120/NUCLEO-F446RE-Workspace/nucleo-f446re-cc1120/Debug/../Core/Src/stm32f4xx_it.c:296: undefined reference to `hdma_adc1'
c:\st\stm32cubeide_1.5.0\stm32cubeide\plugins\com.st.stm32cube.ide.mcu.externaltools.gnu-tools-for-stm32.9-2020-q2-update.win32_1.5.0.202011040924\tools\arm-none-eabi\bin\ld.exe: Core/Src/stm32f4xx_it.o: in function `DMA2_Stream3_IRQHandler':
C:/Users/seant/OneDrive/Documents/QSAT/CC1120/NUCLEO-F446RE-Workspace/nucleo-f446re-cc1120/Debug/../Core/Src/stm32f4xx_it.c:310: undefined reference to `hdma_spi1_tx'
c:\st\stm32cubeide_1.5.0\stm32cubeide\plugins\com.st.stm32cube.ide.mcu.externaltools.gnu-tools-for-stm32.9-2020-q2-update.win32_1.5.0.202011040924\tools\arm-none-eabi\bin\ld.exe: Drivers/STM32F4xx_HAL_Driver/Src/stm32f4xx_hal.o: in function `HAL_InitTick':
C:/Users/seant/OneDrive/Documents/QSAT/CC1120/NUCLEO-F446RE-Workspace/nucleo-f446re-cc1120/Debug/../Drivers/STM32F4xx_HAL_Driver/Src/stm32f4xx_hal.c:274: undefined reference to `SystemCoreClock'
c:\st\stm32cubeide_1.5.0\stm32cubeide\plugins\com.st.stm32cube.ide.mcu.externaltools.gnu-tools-for-stm32.9-2020-q2-update.win32_1.5.0.202011040924\tools\arm-none-eabi\bin\ld.exe: Drivers/STM32F4xx_HAL_Driver/Src/stm32f4xx_hal_adc.o: in function `HAL_ADC_ConfigChannel':
C:/Users/seant/OneDrive/Documents/QSAT/CC1120/NUCLEO-F446RE-Workspace/nucleo-f446re-cc1120/Debug/../Drivers/STM32F4xx_HAL_Driver/Src/stm32f4xx_hal_adc.c:1723: undefined reference to `SystemCoreClock'
c:\st\stm32cubeide_1.5.0\stm32cubeide\plugins\com.st.stm32cube.ide.mcu.externaltools.gnu-tools-for-stm32.9-2020-q2-update.win32_1.5.0.202011040924\tools\arm-none-eabi\bin\ld.exe: Drivers/STM32F4xx_HAL_Driver/Src/stm32f4xx_hal_dma.o: in function `HAL_DMA_IRQHandler':
C:/Users/seant/OneDrive/Documents/QSAT/CC1120/NUCLEO-F446RE-Workspace/nucleo-f446re-cc1120/Debug/../Drivers/STM32F4xx_HAL_Driver/Src/stm32f4xx_hal_dma.c:896: undefined reference to `SystemCoreClock'
c:\st\stm32cubeide_1.5.0\stm32cubeide\plugins\com.st.stm32cube.ide.mcu.externaltools.gnu-tools-for-stm32.9-2020-q2-update.win32_1.5.0.202011040924\tools\arm-none-eabi\bin\ld.exe: Drivers/STM32F4xx_HAL_Driver/Src/stm32f4xx_hal_rcc.o: in function `HAL_RCC_ClockConfig':
C:/Users/seant/OneDrive/Documents/QSAT/CC1120/NUCLEO-F446RE-Workspace/nucleo-f446re-cc1120/Debug/../Drivers/STM32F4xx_HAL_Driver/Src/stm32f4xx_hal_rcc.c:716: undefined reference to `AHBPrescTable'
c:\st\stm32cubeide_1.5.0\stm32cubeide\plugins\com.st.stm32cube.ide.mcu.externaltools.gnu-tools-for-stm32.9-2020-q2-update.win32_1.5.0.202011040924\tools\arm-none-eabi\bin\ld.exe: C:/Users/seant/OneDrive/Documents/QSAT/CC1120/NUCLEO-F446RE-Workspace/nucleo-f446re-cc1120/Debug/../Drivers/STM32F4xx_HAL_Driver/Src/stm32f4xx_hal_rcc.c:716: undefined reference to `SystemCoreClock'
c:\st\stm32cubeide_1.5.0\stm32cubeide\plugins\com.st.stm32cube.ide.mcu.externaltools.gnu-tools-for-stm32.9-2020-q2-update.win32_1.5.0.202011040924\tools\arm-none-eabi\bin\ld.exe: Drivers/STM32F4xx_HAL_Driver/Src/stm32f4xx_hal_rcc.o: in function `HAL_RCC_GetHCLKFreq':
C:/Users/seant/OneDrive/Documents/QSAT/CC1120/NUCLEO-F446RE-Workspace/nucleo-f446re-cc1120/Debug/../Drivers/STM32F4xx_HAL_Driver/Src/stm32f4xx_hal_rcc.c:935: undefined reference to `SystemCoreClock'
c:\st\stm32cubeide_1.5.0\stm32cubeide\plugins\com.st.stm32cube.ide.mcu.externaltools.gnu-tools-for-stm32.9-2020-q2-update.win32_1.5.0.202011040924\tools\arm-none-eabi\bin\ld.exe: Drivers/STM32F4xx_HAL_Driver/Src/stm32f4xx_hal_rcc.o: in function `HAL_RCC_GetPCLK1Freq':
C:/Users/seant/OneDrive/Documents/QSAT/CC1120/NUCLEO-F446RE-Workspace/nucleo-f446re-cc1120/Debug/../Drivers/STM32F4xx_HAL_Driver/Src/stm32f4xx_hal_rcc.c:947: undefined reference to `APBPrescTable'
c:\st\stm32cubeide_1.5.0\stm32cubeide\plugins\com.st.stm32cube.ide.mcu.externaltools.gnu-tools-for-stm32.9-2020-q2-update.win32_1.5.0.202011040924\tools\arm-none-eabi\bin\ld.exe: Drivers/STM32F4xx_HAL_Driver/Src/stm32f4xx_hal_rcc.o: in function `HAL_RCC_GetPCLK2Freq':
C:/Users/seant/OneDrive/Documents/QSAT/CC1120/NUCLEO-F446RE-Workspace/nucleo-f446re-cc1120/Debug/../Drivers/STM32F4xx_HAL_Driver/Src/stm32f4xx_hal_rcc.c:959: undefined reference to `APBPrescTable'
collect2.exe: error: ld returned 1 exit status
make: *** [makefile:80: nucleo-f446re-cc1120.elf] Error 1
"make -j12 all" terminated with exit code 2. Build might be incomplete.

00:26:08 Build Failed. 37 errors, 5 warnings. (took 1s.324ms)

