2021-02-06 00:43:58,468 [INFO] Activator:170 - 


2021-02-06 00:43:58,470 [INFO] Activator:171 - !SESSION log4j initialized
2021-02-06 00:44:22,655 [INFO] McuFinderGlobals:40 - Set McuFinder mode to 2 (CubeIDE integrated)
2021-02-06 00:44:23,232 [INFO] ApplicationProperties:181 - Using Application install path: C:\ST\STM32CubeIDE_1.5.0\STM32CubeIDE\plugins\com.st.stm32cube.common.mx_6.1.0.202011121557
2021-02-06 00:44:23,244 [INFO] DbMcusXml:71 - Set database path to: C:\ST\STM32CubeIDE_1.5.0\STM32CubeIDE\plugins\com.st.stm32cube.common.mx_6.1.0.202011121557\\db\/mcu/
2021-02-06 00:44:23,248 [INFO] DbBoardsPdsc:57 - Set plugin database path to: C:\ST\STM32CubeIDE_1.5.0\STM32CubeIDE\plugins\com.st.stm32cube.common.mx_6.1.0.202011121557\\db\/plugins/boardmanager/
2021-02-06 00:44:23,249 [INFO] DbMcus:259 - Set plugin images path to: C:\ST\STM32CubeIDE_1.5.0\STM32CubeIDE\plugins\com.st.stm32cube.common.mx_6.1.0.202011121557\\db\/plugins/mcufinder/images/
2021-02-06 00:44:23,249 [INFO] DbBoards:265 - Set plugin images path to: C:\ST\STM32CubeIDE_1.5.0\STM32CubeIDE\plugins\com.st.stm32cube.common.mx_6.1.0.202011121557\\db\/plugins/mcufinder/images/
2021-02-06 00:44:23,252 [INFO] DbExamples:329 - Set plugin images path to: C:\ST\STM32CubeIDE_1.5.0\STM32CubeIDE\plugins\com.st.stm32cube.common.mx_6.1.0.202011121557\\db\/plugins/mcufinder/images/
2021-02-06 00:44:23,260 [INFO] DbMcusDocs:112 - Set database path to: C:\Users\seant\.stmcufinder\plugins\mcufinder//mcu/
2021-02-06 00:44:23,262 [INFO] DbMcusJson:63 - Set database path to: C:\Users\seant\.stmcufinder\plugins\mcufinder//mcu/
2021-02-06 00:44:23,263 [INFO] DbBoardsDocs:112 - Set database path to: C:\Users\seant\.stmcufinder\plugins\mcufinder//mcu/
2021-02-06 00:44:23,264 [INFO] DbBoardsJson:56 - Set database path to: C:\Users\seant\.stmcufinder\plugins\mcufinder//mcu/
2021-02-06 00:44:23,271 [INFO] CrossReferenceDbSqlite:196 - Set database path to: C:\Users\seant\.stmcufinder\plugins\mcufinder//mcu/cs/
2021-02-06 00:44:23,275 [INFO] DbExamplesSqlite:699 - Set database path to: C:\Users\seant\.stmcufinder\plugins\mcufinder//mcu/
2021-02-06 00:44:23,388 [INFO] RulesReader:52 - Compatibility file has been processed (228 Rules)
2021-02-06 00:44:23,539 [INFO] MicroXplorer:565 - Detected Java Version = 1.8.0_272
2021-02-06 00:44:23,539 [INFO] DbMcusXml:71 - Set database path to: C:\ST\STM32CubeIDE_1.5.0\STM32CubeIDE\plugins\com.st.stm32cube.common.mx_6.1.0.202011121557\\db\/mcu/
2021-02-06 00:44:23,540 [INFO] DbBoardsPdsc:57 - Set plugin database path to: C:\ST\STM32CubeIDE_1.5.0\STM32CubeIDE\plugins\com.st.stm32cube.common.mx_6.1.0.202011121557\\db\/plugins/boardmanager/
2021-02-06 00:44:23,540 [INFO] DbMcus:259 - Set plugin images path to: C:\ST\STM32CubeIDE_1.5.0\STM32CubeIDE\plugins\com.st.stm32cube.common.mx_6.1.0.202011121557\\db\/plugins/mcufinder/images/
2021-02-06 00:44:23,540 [INFO] DbBoards:265 - Set plugin images path to: C:\ST\STM32CubeIDE_1.5.0\STM32CubeIDE\plugins\com.st.stm32cube.common.mx_6.1.0.202011121557\\db\/plugins/mcufinder/images/
2021-02-06 00:44:23,540 [INFO] DbExamples:329 - Set plugin images path to: C:\ST\STM32CubeIDE_1.5.0\STM32CubeIDE\plugins\com.st.stm32cube.common.mx_6.1.0.202011121557\\db\/plugins/mcufinder/images/
2021-02-06 00:44:23,540 [WARN] DbFile:36 - Overriding database path with different value: C:\Users\seant\.stmcufinder\plugins\mcufinder/ => C:\Users\seant\.stmcufinder\plugins\mcufinder
2021-02-06 00:44:23,541 [INFO] DbMcusDocs:112 - Set database path to: C:\Users\seant\.stmcufinder\plugins\mcufinder//mcu/
2021-02-06 00:44:23,541 [WARN] DbFile:36 - Overriding database path with different value: C:\Users\seant\.stmcufinder\plugins\mcufinder/ => C:\Users\seant\.stmcufinder\plugins\mcufinder
2021-02-06 00:44:23,541 [INFO] DbMcusJson:63 - Set database path to: C:\Users\seant\.stmcufinder\plugins\mcufinder//mcu/
2021-02-06 00:44:23,541 [WARN] DbFile:36 - Overriding database path with different value: C:\Users\seant\.stmcufinder\plugins\mcufinder/ => C:\Users\seant\.stmcufinder\plugins\mcufinder
2021-02-06 00:44:23,541 [INFO] DbBoardsDocs:112 - Set database path to: C:\Users\seant\.stmcufinder\plugins\mcufinder//mcu/
2021-02-06 00:44:23,541 [WARN] DbFile:36 - Overriding database path with different value: C:\Users\seant\.stmcufinder\plugins\mcufinder/ => C:\Users\seant\.stmcufinder\plugins\mcufinder
2021-02-06 00:44:23,541 [INFO] DbBoardsJson:56 - Set database path to: C:\Users\seant\.stmcufinder\plugins\mcufinder//mcu/
2021-02-06 00:44:23,541 [WARN] DbFile:36 - Overriding database path with different value: C:\Users\seant\.stmcufinder\plugins\mcufinder/ => C:\Users\seant\.stmcufinder\plugins\mcufinder
2021-02-06 00:44:23,542 [WARN] DbFile:36 - Overriding database path with different value: C:\Users\seant\.stmcufinder\plugins\mcufinder/ => C:\Users\seant\.stmcufinder\plugins\mcufinder
2021-02-06 00:44:23,542 [INFO] CrossReferenceDbSqlite:196 - Set database path to: C:\Users\seant\.stmcufinder\plugins\mcufinder//mcu/cs/
2021-02-06 00:44:23,542 [WARN] DbFile:36 - Overriding database path with different value: C:\Users\seant\.stmcufinder\plugins\mcufinder/ => C:\Users\seant\.stmcufinder\plugins\mcufinder
2021-02-06 00:44:23,542 [INFO] DbExamplesSqlite:699 - Set database path to: C:\Users\seant\.stmcufinder\plugins\mcufinder//mcu/
2021-02-06 00:44:23,636 [INFO] MainPanel:190 - HeapMemory: 290455552
2021-02-06 00:44:23,718 [INFO] DbMcusXml:71 - Set database path to: C:\ST\STM32CubeIDE_1.5.0\STM32CubeIDE\plugins\com.st.stm32cube.common.mx_6.1.0.202011121557\\db\/mcu/
2021-02-06 00:44:23,718 [INFO] DbBoardsPdsc:57 - Set plugin database path to: C:\ST\STM32CubeIDE_1.5.0\STM32CubeIDE\plugins\com.st.stm32cube.common.mx_6.1.0.202011121557\\db\/plugins/boardmanager/
2021-02-06 00:44:23,718 [INFO] DbMcus:259 - Set plugin images path to: C:\ST\STM32CubeIDE_1.5.0\STM32CubeIDE\plugins\com.st.stm32cube.common.mx_6.1.0.202011121557\\db\/plugins/mcufinder/images/
2021-02-06 00:44:23,718 [INFO] DbBoards:265 - Set plugin images path to: C:\ST\STM32CubeIDE_1.5.0\STM32CubeIDE\plugins\com.st.stm32cube.common.mx_6.1.0.202011121557\\db\/plugins/mcufinder/images/
2021-02-06 00:44:23,718 [INFO] DbExamples:329 - Set plugin images path to: C:\ST\STM32CubeIDE_1.5.0\STM32CubeIDE\plugins\com.st.stm32cube.common.mx_6.1.0.202011121557\\db\/plugins/mcufinder/images/
2021-02-06 00:44:23,719 [WARN] DbFile:36 - Overriding database path with different value: C:\Users\seant\.stmcufinder\plugins\mcufinder/ => C:\Users\seant\.stmcufinder\plugins\mcufinder
2021-02-06 00:44:23,719 [INFO] DbMcusDocs:112 - Set database path to: C:\Users\seant\.stmcufinder\plugins\mcufinder//mcu/
2021-02-06 00:44:23,719 [WARN] DbFile:36 - Overriding database path with different value: C:\Users\seant\.stmcufinder\plugins\mcufinder/ => C:\Users\seant\.stmcufinder\plugins\mcufinder
2021-02-06 00:44:23,719 [INFO] DbMcusJson:63 - Set database path to: C:\Users\seant\.stmcufinder\plugins\mcufinder//mcu/
2021-02-06 00:44:23,719 [WARN] DbFile:36 - Overriding database path with different value: C:\Users\seant\.stmcufinder\plugins\mcufinder/ => C:\Users\seant\.stmcufinder\plugins\mcufinder
2021-02-06 00:44:23,719 [INFO] DbBoardsDocs:112 - Set database path to: C:\Users\seant\.stmcufinder\plugins\mcufinder//mcu/
2021-02-06 00:44:23,719 [WARN] DbFile:36 - Overriding database path with different value: C:\Users\seant\.stmcufinder\plugins\mcufinder/ => C:\Users\seant\.stmcufinder\plugins\mcufinder
2021-02-06 00:44:23,720 [INFO] DbBoardsJson:56 - Set database path to: C:\Users\seant\.stmcufinder\plugins\mcufinder//mcu/
2021-02-06 00:44:23,720 [WARN] DbFile:36 - Overriding database path with different value: C:\Users\seant\.stmcufinder\plugins\mcufinder/ => C:\Users\seant\.stmcufinder\plugins\mcufinder
2021-02-06 00:44:23,720 [WARN] DbFile:36 - Overriding database path with different value: C:\Users\seant\.stmcufinder\plugins\mcufinder/ => C:\Users\seant\.stmcufinder\plugins\mcufinder
2021-02-06 00:44:23,720 [INFO] CrossReferenceDbSqlite:196 - Set database path to: C:\Users\seant\.stmcufinder\plugins\mcufinder//mcu/cs/
2021-02-06 00:44:23,720 [WARN] DbFile:36 - Overriding database path with different value: C:\Users\seant\.stmcufinder\plugins\mcufinder/ => C:\Users\seant\.stmcufinder\plugins\mcufinder
2021-02-06 00:44:23,720 [INFO] DbExamplesSqlite:699 - Set database path to: C:\Users\seant\.stmcufinder\plugins\mcufinder//mcu/
2021-02-06 00:44:23,741 [INFO] ApplicationProperties:181 - Using Application install path: C:\ST\STM32CubeIDE_1.5.0\STM32CubeIDE\plugins\com.st.stm32cube.common.mx_6.1.0.202011121557
2021-02-06 00:44:23,742 [INFO] PluginManage:178 - Search for loadable plugins [exclusion list=, ]
2021-02-06 00:44:23,744 [INFO] PluginManage:292 - Check plugin analytics
2021-02-06 00:44:23,914 [INFO] AnalyticsPlugin:225 - Accepted Software Licenses: 
2021-02-06 00:44:23,914 [INFO] AnalyticsPlugin:227 - Accepted CMSIS Pack Licenses: 
2021-02-06 00:44:23,915 [INFO] AnalyticsPlugin:229 - Accepted Firmware Licenses: 
2021-02-06 00:44:23,915 [INFO] PluginManage:342 - Loaded plugin analytics (category:tool,tabindex:-1)
2021-02-06 00:44:23,915 [INFO] PluginManage:292 - Check plugin clock
2021-02-06 00:44:23,935 [INFO] PluginManage:342 - Loaded plugin clock (category:base,tabindex:2)
2021-02-06 00:44:23,935 [INFO] PluginManage:292 - Check plugin ddr
2021-02-06 00:44:23,938 [INFO] PluginManage:342 - Loaded plugin ddr (category:tool,tabindex:6)
2021-02-06 00:44:23,938 [INFO] PluginManage:292 - Check plugin filemanager
2021-02-06 00:44:24,062 [INFO] PluginManage:342 - Loaded plugin filemanager (category:base,tabindex:10)
2021-02-06 00:44:24,062 [INFO] PluginManage:292 - Check plugin ipmanager
2021-02-06 00:44:24,085 [INFO] PluginManage:342 - Loaded plugin ipmanager (category:base,tabindex:5)
2021-02-06 00:44:24,085 [INFO] PluginManage:292 - Check plugin pinoutandconfiguration
2021-02-06 00:44:24,105 [INFO] PluginManage:342 - Loaded plugin pinoutandconfiguration (category:base,tabindex:1)
2021-02-06 00:44:24,105 [INFO] PluginManage:292 - Check plugin pinoutconfig
2021-02-06 00:44:24,151 [INFO] PluginManage:342 - Loaded plugin pinoutconfig (category:base,tabindex:0)
2021-02-06 00:44:24,151 [INFO] PluginManage:292 - Check plugin power
2021-02-06 00:44:24,170 [INFO] PluginManage:342 - Loaded plugin power (category:power,tabindex:4)
2021-02-06 00:44:24,170 [INFO] PluginManage:292 - Check plugin projectmanager
2021-02-06 00:44:24,185 [INFO] PluginManage:342 - Loaded plugin projectmanager (category:projectmanager,tabindex:3)
2021-02-06 00:44:24,185 [INFO] PluginManage:292 - Check plugin thirdparty
2021-02-06 00:44:24,389 [INFO] PluginManage:342 - Loaded plugin thirdparty (category:base,tabindex:-1)
2021-02-06 00:44:24,389 [INFO] PluginManage:292 - Check plugin tools
2021-02-06 00:44:24,389 [WARN] IntegrityCheckThread:59 - waiting for thirdparty lock release [integrity check]
2021-02-06 00:44:24,390 [INFO] IntegrityCheckThread:61 - entering critical section [integrity check]
2021-02-06 00:44:24,390 [INFO] ThirdPartyUpdaterWithRetryManager:56 - Updater plugin not ready yet. [1/15]
2021-02-06 00:44:24,439 [INFO] PluginManage:342 - Loaded plugin tools (category:base,tabindex:7)
2021-02-06 00:44:24,440 [INFO] PluginManage:292 - Check plugin tutovideos
2021-02-06 00:44:24,661 [INFO] PluginManage:342 - Loaded plugin tutovideos (category:base,tabindex:-1)
2021-02-06 00:44:24,661 [INFO] PluginManage:292 - Check plugin updater
2021-02-06 00:44:24,672 [INFO] PluginManage:342 - Loaded plugin updater (category:base,tabindex:12)
2021-02-06 00:44:24,672 [INFO] PluginManage:265 - PluginManage : Loaded plugins [13]
2021-02-06 00:44:24,907 [INFO] PinOutPanel:1434 - setPackage(No Configuration,No Configuration)
2021-02-06 00:44:25,052 [INFO] IPUIPlugin:64 - create IPUIPlugin
2021-02-06 00:44:25,052 [INFO] PluginManager:203 - loadIPPluginJar : add adc
2021-02-06 00:44:25,079 [INFO] IPUIPlugin:64 - create IPUIPlugin
2021-02-06 00:44:25,079 [INFO] PluginManager:203 - loadIPPluginJar : add aes
2021-02-06 00:44:25,115 [INFO] IPUIPlugin:64 - create IPUIPlugin
2021-02-06 00:44:25,115 [INFO] PluginManager:203 - loadIPPluginJar : add can
2021-02-06 00:44:25,137 [INFO] IPUIPlugin:64 - create IPUIPlugin
2021-02-06 00:44:25,137 [INFO] PluginManager:203 - loadIPPluginJar : add comp
2021-02-06 00:44:25,167 [INFO] IPUIPlugin:64 - create IPUIPlugin
2021-02-06 00:44:25,168 [INFO] PluginManager:203 - loadIPPluginJar : add cryp
2021-02-06 00:44:25,202 [INFO] IPUIPlugin:64 - create IPUIPlugin
2021-02-06 00:44:25,202 [INFO] PluginManager:203 - loadIPPluginJar : add dfsdm
2021-02-06 00:44:25,215 [INFO] IPUIPlugin:64 - create IPUIPlugin
2021-02-06 00:44:25,215 [INFO] PluginManager:203 - loadIPPluginJar : add dma
2021-02-06 00:44:25,239 [INFO] IPUIPlugin:64 - create IPUIPlugin
2021-02-06 00:44:25,239 [INFO] PluginManager:203 - loadIPPluginJar : add fatfs
2021-02-06 00:44:25,283 [INFO] IPUIPlugin:64 - create IPUIPlugin
2021-02-06 00:44:25,283 [INFO] PluginManager:203 - loadIPPluginJar : add fmc
2021-02-06 00:44:25,297 [INFO] IPUIPlugin:64 - create IPUIPlugin
2021-02-06 00:44:25,298 [INFO] PluginManager:203 - loadIPPluginJar : add freertos
2021-02-06 00:44:25,317 [INFO] IPUIPlugin:64 - create IPUIPlugin
2021-02-06 00:44:25,318 [INFO] PluginManager:203 - loadIPPluginJar : add genericplugin
2021-02-06 00:44:25,385 [INFO] IPUIPlugin:64 - create IPUIPlugin
2021-02-06 00:44:25,385 [INFO] PluginManager:203 - loadIPPluginJar : add gfxmmu
2021-02-06 00:44:25,480 [INFO] IPUIPlugin:64 - create IPUIPlugin
2021-02-06 00:44:25,480 [INFO] PluginManager:203 - loadIPPluginJar : add gic
2021-02-06 00:44:25,492 [INFO] IPUIPlugin:64 - create IPUIPlugin
2021-02-06 00:44:25,493 [INFO] PluginManager:203 - loadIPPluginJar : add gpio
2021-02-06 00:44:25,545 [INFO] IPUIPlugin:64 - create IPUIPlugin
2021-02-06 00:44:25,546 [INFO] PluginManager:203 - loadIPPluginJar : add gtzc
2021-02-06 00:44:25,573 [INFO] IPUIPlugin:64 - create IPUIPlugin
2021-02-06 00:44:25,573 [INFO] PluginManager:203 - loadIPPluginJar : add hash
2021-02-06 00:44:25,615 [INFO] IPUIPlugin:64 - create IPUIPlugin
2021-02-06 00:44:25,615 [INFO] PluginManager:203 - loadIPPluginJar : add i2c
2021-02-06 00:44:25,652 [INFO] IPUIPlugin:64 - create IPUIPlugin
2021-02-06 00:44:25,652 [INFO] PluginManager:203 - loadIPPluginJar : add i2s
2021-02-06 00:44:25,664 [INFO] IPUIPlugin:64 - create IPUIPlugin
2021-02-06 00:44:25,664 [INFO] PluginManager:203 - loadIPPluginJar : add ipddr
2021-02-06 00:44:25,694 [INFO] IPUIPlugin:64 - create IPUIPlugin
2021-02-06 00:44:25,694 [INFO] PluginManager:203 - loadIPPluginJar : add lorawan
2021-02-06 00:44:25,724 [INFO] IPUIPlugin:64 - create IPUIPlugin
2021-02-06 00:44:25,725 [INFO] PluginManager:203 - loadIPPluginJar : add ltdc
2021-02-06 00:44:25,735 [INFO] IPUIPlugin:64 - create IPUIPlugin
2021-02-06 00:44:25,735 [INFO] PluginManager:203 - loadIPPluginJar : add mdma
2021-02-06 00:44:25,746 [INFO] IPUIPlugin:64 - create IPUIPlugin
2021-02-06 00:44:25,746 [INFO] PluginManager:203 - loadIPPluginJar : add nvic
2021-02-06 00:44:25,774 [INFO] IPUIPlugin:64 - create IPUIPlugin
2021-02-06 00:44:25,775 [INFO] PluginManager:203 - loadIPPluginJar : add opamp
2021-02-06 00:44:25,821 [INFO] IPUIPlugin:64 - create IPUIPlugin
2021-02-06 00:44:25,821 [INFO] PluginManager:203 - loadIPPluginJar : add openamp
2021-02-06 00:44:25,854 [INFO] IPUIPlugin:64 - create IPUIPlugin
2021-02-06 00:44:25,855 [INFO] PluginManager:203 - loadIPPluginJar : add pdm2pcm
2021-02-06 00:44:25,868 [INFO] IPUIPlugin:64 - create IPUIPlugin
2021-02-06 00:44:25,870 [INFO] PluginManager:203 - loadIPPluginJar : add plateformsettings
2021-02-06 00:44:25,891 [INFO] IPUIPlugin:64 - create IPUIPlugin
2021-02-06 00:44:25,892 [INFO] PluginManager:203 - loadIPPluginJar : add quadspi
2021-02-06 00:44:25,904 [INFO] IPUIPlugin:64 - create IPUIPlugin
2021-02-06 00:44:25,904 [INFO] PluginManager:203 - loadIPPluginJar : add resmgrutility
2021-02-06 00:44:25,957 [INFO] IPUIPlugin:64 - create IPUIPlugin
2021-02-06 00:44:25,957 [INFO] PluginManager:203 - loadIPPluginJar : add sai
2021-02-06 00:44:25,992 [INFO] IPUIPlugin:64 - create IPUIPlugin
2021-02-06 00:44:25,992 [INFO] PluginManager:203 - loadIPPluginJar : add spi
2021-02-06 00:44:26,037 [INFO] IPUIPlugin:64 - create IPUIPlugin
2021-02-06 00:44:26,037 [INFO] PluginManager:203 - loadIPPluginJar : add stm32_wpan
2021-02-06 00:44:26,062 [INFO] IPUIPlugin:64 - create IPUIPlugin
2021-02-06 00:44:26,062 [INFO] PluginManager:203 - loadIPPluginJar : add tim
2021-02-06 00:44:26,119 [INFO] IPUIPlugin:64 - create IPUIPlugin
2021-02-06 00:44:26,119 [INFO] PluginManager:203 - loadIPPluginJar : add touchsensing
2021-02-06 00:44:26,146 [INFO] IPUIPlugin:64 - create IPUIPlugin
2021-02-06 00:44:26,147 [INFO] PluginManager:203 - loadIPPluginJar : add tracer_emb
2021-02-06 00:44:26,174 [INFO] IPUIPlugin:64 - create IPUIPlugin
2021-02-06 00:44:26,174 [INFO] PluginManager:203 - loadIPPluginJar : add ts
2021-02-06 00:44:26,199 [INFO] IPUIPlugin:64 - create IPUIPlugin
2021-02-06 00:44:26,199 [INFO] PluginManager:203 - loadIPPluginJar : add tsc
2021-02-06 00:44:26,221 [INFO] IPUIPlugin:64 - create IPUIPlugin
2021-02-06 00:44:26,221 [INFO] PluginManager:203 - loadIPPluginJar : add ucpd
2021-02-06 00:44:26,259 [INFO] IPUIPlugin:64 - create IPUIPlugin
2021-02-06 00:44:26,259 [INFO] PluginManager:203 - loadIPPluginJar : add usart
2021-02-06 00:44:26,568 [FATAL] Updater:284 - Updater called before beeing initialized
2021-02-06 00:44:26,695 [FATAL] Updater:284 - Updater called before beeing initialized
2021-02-06 00:44:26,745 [WARN] DetailPanel:347 - Failed to get advertising image, set to default
2021-02-06 00:44:26,748 [FATAL] Updater:284 - Updater called before beeing initialized
2021-02-06 00:44:26,748 [WARN] DetailPanel:347 - Failed to get advertising image, set to default
2021-02-06 00:44:26,801 [FATAL] Updater:284 - Updater called before beeing initialized
2021-02-06 00:44:26,801 [WARN] ThirdParty:783 - waiting for thirdparty lock release [close project]
2021-02-06 00:44:27,395 [INFO] ThirdPartyUpdaterWithRetryManager:56 - Updater plugin not ready yet. [2/15]
2021-02-06 00:44:30,399 [FATAL] Updater:284 - Updater called before beeing initialized
2021-02-06 00:44:30,399 [ERROR] AbstractThirdPartyUpdaterManager:153 - java.lang.Integer cannot be cast to java.util.List
2021-02-06 00:44:30,399 [INFO] ThirdParty:887 - Integrity check success = false
2021-02-06 00:44:30,399 [INFO] IntegrityCheckThread:75 - exiting critical section [integrity check]
2021-02-06 00:44:30,399 [INFO] IntegrityCheckThread:78 - End integrity checks thread
2021-02-06 00:44:30,399 [INFO] ThirdParty:785 - entering critical section [close project]
2021-02-06 00:44:30,401 [INFO] ThirdParty:796 - exiting critical section [close project]
2021-02-06 00:44:30,404 [INFO] PinOutPanel:1434 - setPackage(No Configuration,No Configuration)
2021-02-06 00:44:30,404 [FATAL] Updater:284 - Updater called before beeing initialized
2021-02-06 00:44:30,417 [ERROR] Updater:1065 - MainUpdater not yet initialized. External WinMGr cannot be set.
2021-02-06 00:44:30,425 [INFO] Updater:1002 - Updater Version found : 6.1.0
2021-02-06 00:44:30,445 [INFO] ApplicationProperties:181 - Using Application install path: C:\ST\STM32CubeIDE_1.5.0\STM32CubeIDE\plugins\com.st.stm32cube.common.mx_6.1.0.202011121557
2021-02-06 00:44:30,745 [INFO] MainUpdater:2644 - connection check result : 10
2021-02-06 00:44:30,746 [INFO] MainUpdater:249 - Updater Check For Update Now.
2021-02-06 00:44:30,746 [INFO] MicroXplorer:415 - Change Database Version : DB.6.0.10
2021-02-06 00:44:30,791 [INFO] CheckServerUpdateThread:102 - End of CheckServer Thread
2021-02-06 00:44:30,883 [INFO] MainUpdater:2644 - connection check result : 10
2021-02-06 00:44:31,335 [INFO] CrossSelectorPresenter:1330 - Cross Selector saved comparison directory: C:\Users\seant\.stmcufinder\plugins\mcufinder\mcu\cs_comparisons_mx
2021-02-06 00:44:31,341 [INFO] MultiScanPanel:198 - Auto-refresh data requested => check proxy status ongoing
2021-02-06 00:44:31,343 [INFO] FinderPluginLoader:87 - Searching for filters in installed packs
2021-02-06 00:44:31,344 [INFO] DbMcusXml:97 - Load MCU database from C:\ST\STM32CubeIDE_1.5.0\STM32CubeIDE\plugins\com.st.stm32cube.common.mx_6.1.0.202011121557\\db\/mcu/families.xml
2021-02-06 00:44:31,971 [INFO] DbMcusJson:92 - JSON generation date=Thu Feb 04 12:30:33 EST 2021 (1612459833)
2021-02-06 00:44:32,642 [INFO] DbMcus:176 - Found 1835 MCUs (1796 are supported by CubeMX, 1804 are visible in CubeMX)
2021-02-06 00:44:32,643 [INFO] ApiDb:238 - Load user favorites file C:\Users\seant/.stm32cubeide/favorites.mcus.txt: 0 item(s)
2021-02-06 00:44:32,643 [INFO] ApiDb:242 - User favorites MCUs=[]
2021-02-06 00:44:32,643 [INFO] DbMcus:188 - Set 0 / 0 favorites MCUs
2021-02-06 00:44:33,054 [WARN] DetailPanel:347 - Failed to get advertising image, set to default
2021-02-06 00:44:33,408 [INFO] McuFilterPanel:245 - Update 0 favorites MCUs
2021-02-06 00:44:33,486 [INFO] DbBoardsPdsc:91 - Found 24 items
2021-02-06 00:44:33,494 [INFO] DbBoardsPdsc:91 - Found 9 items
2021-02-06 00:44:33,505 [INFO] DbBoardsPdsc:91 - Found 32 items
2021-02-06 00:44:33,512 [INFO] DbBoardsPdsc:91 - Found 1 items
2021-02-06 00:44:33,526 [INFO] DbBoardsPdsc:91 - Found 45 items
2021-02-06 00:44:33,539 [INFO] DbBoardsPdsc:91 - Found 41 items
2021-02-06 00:44:33,547 [INFO] DbBoardsPdsc:91 - Found 2 items
2021-02-06 00:44:33,555 [INFO] DbBoardsPdsc:91 - Found 4 items
2021-02-06 00:44:33,561 [WARN] DbBoardsPdsc:255 - Board STM32H7B3I-DK: unknown feature type=Audio, name=, username=Audio stereo codec with Headphone Amp (CS42L51-CNZ), n=1
2021-02-06 00:44:33,562 [WARN] DbBoardsPdsc:255 - Board STM32H735G-DK: unknown feature type=Audio, name=, username=Audio stereo codec with Headphone Amp (WM8994ECS/R), n=1
2021-02-06 00:44:33,565 [WARN] DbBoardsPdsc:255 - Board STM32H7B3I-EVAL: unknown feature type=Audio, name=, username=Multi-Channel Audio Codec (CS42L51-CNZ), n=1
2021-02-06 00:44:33,565 [WARN] DbBoardsPdsc:255 - Board STM32H7B3I-EVAL: unknown feature type=Meter, name=, username=Power-metering and Temperature-monitoring with sigma-delta modulators, n=1
2021-02-06 00:44:33,565 [WARN] DbBoardsPdsc:255 - Board STM32H7B3I-EVAL: unknown feature type=Motor, name=, username=Motor Control, n=1
2021-02-06 00:44:33,584 [INFO] DbBoardsJson:85 - JSON generation date=Thu Feb 04 11:53:45 EST 2021 (1612457625)
2021-02-06 00:44:33,590 [INFO] DbBoards:118 - Found 160 boards (155 are supported by CubeMX)
2021-02-06 00:44:33,606 [INFO] DbBoardsDocs:145 - JSON generation date=Thu Feb 04 12:30:33 EST 2021 (1612459833)
2021-02-06 00:44:33,622 [INFO] DbBoardsDocs:81 - Found 193 boards documents
2021-02-06 00:44:33,622 [WARN] DbBoards:128 - board B-L462E-CELL1 has no document id list !
2021-02-06 00:44:33,622 [WARN] DbBoards:128 - board B-L475E-IOT01A2 has no document id list !
2021-02-06 00:44:33,623 [WARN] DbBoards:128 - board NUCLEO-G0B1RE has no document id list !
2021-02-06 00:44:33,624 [WARN] DbBoards:128 - board NUCLEO-H743ZI2 has no document id list !
2021-02-06 00:44:33,624 [WARN] DbBoards:128 - board NUCLEO-L4A6ZG has no document id list !
2021-02-06 00:44:33,625 [WARN] DbBoards:128 - board NUCLEO-WB55RG has no document id list !
2021-02-06 00:44:33,625 [WARN] DbBoards:128 - board NUCLEO-WL55JC1 has no document id list !
2021-02-06 00:44:33,625 [WARN] DbBoards:128 - board NUCLEO-WL55JC2 has no document id list !
2021-02-06 00:44:33,625 [WARN] DbBoards:128 - board P-NUCLEO-WB55-Nucleo has no document id list !
2021-02-06 00:44:33,625 [WARN] DbBoards:128 - board P-NUCLEO-WB55-USBDongle has no document id list !
2021-02-06 00:44:33,625 [WARN] DbBoards:128 - board STEVAL-BFA001V1B has no document id list !
2021-02-06 00:44:33,625 [WARN] DbBoards:128 - board STEVAL-BFA001V2B has no document id list !
2021-02-06 00:44:33,625 [WARN] DbBoards:128 - board STEVAL-IDP005V1 has no document id list !
2021-02-06 00:44:33,625 [WARN] DbBoards:128 - board STEVAL-IDP005V2 has no document id list !
2021-02-06 00:44:33,625 [WARN] DbBoards:128 - board STEVAL-MKSBOX1V1 has no document id list !
2021-02-06 00:44:33,625 [WARN] DbBoards:128 - board STEVAL-STWINKT1 has no document id list !
2021-02-06 00:44:33,626 [WARN] DbBoards:128 - board STEVAL-STWINKT1B has no document id list !
2021-02-06 00:44:33,626 [WARN] DbBoards:128 - board STM32F401C-DISCO has no document id list !
2021-02-06 00:44:33,627 [WARN] DbBoards:128 - board STM32F769I-DISC1 has no document id list !
2021-02-06 00:44:33,627 [WARN] DbBoards:128 - board STM32G0C1E-EV has no document id list !
2021-02-06 00:44:33,627 [WARN] DbBoards:128 - board STM32G474E-EVAL1 has no document id list !
2021-02-06 00:44:33,628 [WARN] DbBoards:128 - board STM32H743I-EVAL2 has no document id list !
2021-02-06 00:44:33,628 [WARN] DbBoards:128 - board STM32H747I-DISC1 has no document id list !
2021-02-06 00:44:33,628 [WARN] DbBoards:128 - board STM32H753I-EVAL2 has no document id list !
2021-02-06 00:44:33,628 [WARN] DbBoards:128 - board STM32L-DISCOVERY has no document id list !
2021-02-06 00:44:33,629 [WARN] DbBoards:128 - board STM32MP157A-DK1 has no document id list !
2021-02-06 00:44:33,629 [WARN] DbBoards:128 - board STM32MP157F-DK2 has no document id list !
2021-02-06 00:44:33,629 [WARN] DbBoards:128 - board STM32MP157F-EV1 has no document id list !
2021-02-06 00:44:34,016 [ERROR] DbBoards:190 - Image file not found for board NUCLEO-WL55JC: C:\ST\STM32CubeIDE_1.5.0\STM32CubeIDE\plugins\com.st.stm32cube.common.mx_6.1.0.202011121557\\db\/plugins/mcufinder/images/boards/nucleo-wl55jc-small.jpg
2021-02-06 00:44:34,327 [ERROR] DbBoards:190 - Image file not found for board STEVAL-STWINKT1B: C:\ST\STM32CubeIDE_1.5.0\STM32CubeIDE\plugins\com.st.stm32cube.common.mx_6.1.0.202011121557\\db\/plugins/mcufinder/images/boards/steval-stwinkt1b_small.jpg
2021-02-06 00:44:34,772 [ERROR] DbBoards:190 - Image file not found for board STM32H7B3I-EVAL: C:\ST\STM32CubeIDE_1.5.0\STM32CubeIDE\plugins\com.st.stm32cube.common.mx_6.1.0.202011121557\\db\/plugins/mcufinder/images/boards/stm32h7b3ieval_small.jpg
2021-02-06 00:44:34,962 [INFO] ApiDb:238 - Load user favorites file C:\Users\seant/.stm32cubeide/favorites.boards.txt: 0 item(s)
2021-02-06 00:44:34,962 [INFO] ApiDb:242 - User favorites Boards=[]
2021-02-06 00:44:34,963 [INFO] DbBoards:207 - Set 0 / 0 favorites Boards
2021-02-06 00:44:53,173 [INFO] MainUpdater:2644 - connection check result : 10
2021-02-06 00:44:53,173 [INFO] MainUpdater:2644 - connection check result : 10
2021-02-06 00:44:53,214 [INFO] MicroXplorer:385 - Change Database Path : 
2021-02-06 00:44:53,214 [INFO] MicroXplorer:415 - Change Database Version : DB.6.0.10
2021-02-06 00:44:53,214 [WARN] ThirdParty:783 - waiting for thirdparty lock release [close project]
2021-02-06 00:44:53,214 [INFO] ThirdParty:785 - entering critical section [close project]
2021-02-06 00:44:53,214 [INFO] ThirdParty:796 - exiting critical section [close project]
2021-02-06 00:44:53,216 [INFO] PinOutPanel:1434 - setPackage(No Configuration,No Configuration)
2021-02-06 00:44:53,217 [INFO] UtilMem:74 - Begin LoadConfig() Used Memory: 380889800 Bytes (773849088)
2021-02-06 00:44:53,219 [INFO] MicroXplorer:385 - Change Database Path : 
2021-02-06 00:44:53,219 [INFO] MicroXplorer:415 - Change Database Version : DB.6.0.10
2021-02-06 00:44:53,219 [INFO] OpenFileManager:274 - Change cursor
2021-02-06 00:44:53,220 [WARN] ThirdParty:204 - Use empty third party IP manager
2021-02-06 00:44:53,236 [WARN] IntegrityCheckThread:59 - waiting for thirdparty lock release [integrity check]
2021-02-06 00:44:53,237 [INFO] IntegrityCheckThread:61 - entering critical section [integrity check]
2021-02-06 00:44:53,281 [WARN] ConditionMgr:437 - getConditionDescription Invalid condition id : SIGFOX STM32 LIB Condition cause : null
2021-02-06 00:44:53,295 [WARN] ConditionMgr:437 - getConditionDescription Invalid condition id : Sigfox Third Party LIB Condition cause : null
2021-02-06 00:44:53,302 [WARN] ConditionMgr:1040 - genDependencies : Invalid condition id : SIGFOX STM32 LIB Condition cause : null
2021-02-06 00:44:53,302 [WARN] ConditionMgr:1040 - genDependencies : Invalid condition id : Sigfox Third Party LIB Condition cause : null
2021-02-06 00:44:53,303 [WARN] ConditionMgr:1040 - genDependencies : Invalid condition id : Sigfox Third Party LIB Condition cause : null
2021-02-06 00:44:53,303 [WARN] ConditionMgr:1040 - genDependencies : Invalid condition id : SIGFOX STM32 LIB Condition cause : null
2021-02-06 00:44:53,303 [WARN] ConditionMgr:1040 - genDependencies : Invalid condition id : SIGFOX STM32 LIB Condition cause : null
2021-02-06 00:44:53,304 [WARN] ConditionMgr:1040 - genDependencies : Invalid condition id : Sigfox Third Party LIB Condition cause : null
2021-02-06 00:44:53,590 [INFO] ThirdParty:887 - Integrity check success = true
2021-02-06 00:44:53,590 [INFO] IntegrityCheckThread:75 - exiting critical section [integrity check]
2021-02-06 00:44:53,591 [INFO] IntegrityCheckThread:78 - End integrity checks thread
2021-02-06 00:44:55,597 [WARN] ApiManager:294 - Cannot register API 'Board Extension:S2868A1' from pack STMicroelectronics.X-CUBE-SUBG2.3.0.1: no header file found
2021-02-06 00:44:55,598 [WARN] ApiManager:294 - Cannot register API 'Board Extension:S2868A2' from pack STMicroelectronics.X-CUBE-SUBG2.3.0.1: no header file found
2021-02-06 00:44:55,598 [WARN] ApiManager:294 - Cannot register API 'Board Extension:S2915A1' from pack STMicroelectronics.X-CUBE-SUBG2.3.0.1: no header file found
2021-02-06 00:44:55,604 [WARN] ModelIntegratedComponent:51 - No mode defined for component null
2021-02-06 00:44:55,604 [WARN] ModelIntegratedComponent:51 - No mode defined for component null
2021-02-06 00:44:55,605 [WARN] ModelIntegratedComponent:51 - No mode defined for component null
2021-02-06 00:44:55,605 [WARN] ModelIntegratedComponent:51 - No mode defined for component null
2021-02-06 00:44:55,605 [WARN] ModelIntegratedComponent:51 - No mode defined for component null
2021-02-06 00:44:55,605 [WARN] ModelIntegratedComponent:51 - No mode defined for component null
2021-02-06 00:44:55,605 [WARN] ModelIntegratedComponent:51 - No mode defined for component null
2021-02-06 00:44:55,605 [WARN] ModelIntegratedComponent:51 - No mode defined for component null
2021-02-06 00:44:55,605 [WARN] ModelIntegratedComponent:51 - No mode defined for component null
2021-02-06 00:44:55,605 [WARN] ModelIntegratedComponent:51 - No mode defined for component null
2021-02-06 00:44:55,605 [WARN] ModelIntegratedComponent:51 - No mode defined for component null
2021-02-06 00:44:55,605 [WARN] ModelIntegratedComponent:51 - No mode defined for component null
2021-02-06 00:44:55,606 [WARN] ModelIntegratedComponent:51 - No mode defined for component null
2021-02-06 00:44:55,606 [WARN] ModelIntegratedComponent:51 - No mode defined for component null
2021-02-06 00:44:55,606 [WARN] ModelIntegratedComponent:51 - No mode defined for component null
2021-02-06 00:44:55,606 [WARN] ModelIntegratedComponent:51 - No mode defined for component null
2021-02-06 00:44:55,606 [WARN] ModelIntegratedComponent:51 - No mode defined for component null
2021-02-06 00:44:55,606 [WARN] ModelIntegratedComponent:51 - No mode defined for component null
2021-02-06 00:44:55,606 [WARN] ModelIntegratedComponent:51 - No mode defined for component null
2021-02-06 00:44:55,606 [WARN] ModelIntegratedComponent:51 - No mode defined for component null
2021-02-06 00:44:55,606 [WARN] ModelIntegratedComponent:51 - No mode defined for component null
2021-02-06 00:44:55,606 [WARN] ModelIntegratedComponent:51 - No mode defined for component null
2021-02-06 00:44:55,606 [WARN] ModelIntegratedComponent:51 - No mode defined for component null
2021-02-06 00:44:55,607 [WARN] ModelIntegratedComponent:51 - No mode defined for component null
2021-02-06 00:44:55,607 [WARN] ModelIntegratedComponent:51 - No mode defined for component null
2021-02-06 00:44:55,607 [WARN] ModelIntegratedComponent:51 - No mode defined for component null
2021-02-06 00:44:55,607 [WARN] ModelIntegratedComponent:51 - No mode defined for component null
2021-02-06 00:44:55,607 [WARN] ModelIntegratedComponent:51 - No mode defined for component null
2021-02-06 00:44:55,607 [WARN] ModelIntegratedComponent:51 - No mode defined for component null
2021-02-06 00:44:55,607 [WARN] ModelIntegratedComponent:51 - No mode defined for component null
2021-02-06 00:44:55,607 [WARN] ModelIntegratedComponent:51 - No mode defined for component null
2021-02-06 00:44:55,607 [WARN] ModelIntegratedComponent:51 - No mode defined for component null
2021-02-06 00:44:55,607 [WARN] ModelIntegratedComponent:51 - No mode defined for component null
2021-02-06 00:44:55,607 [WARN] ModelIntegratedComponent:51 - No mode defined for component null
2021-02-06 00:44:55,608 [WARN] ModelIntegratedComponent:51 - No mode defined for component null
2021-02-06 00:44:55,608 [WARN] ModelIntegratedComponent:51 - No mode defined for component null
2021-02-06 00:44:55,608 [WARN] ModelIntegratedComponent:51 - No mode defined for component null
2021-02-06 00:44:55,608 [WARN] ModelIntegratedComponent:51 - No mode defined for component null
2021-02-06 00:44:55,612 [WARN] ApiManager:294 - Cannot register API 'Board Extension:S2868A1' from pack STMicroelectronics.X-CUBE-SFXS2LP1.2.0.0: no header file found
2021-02-06 00:44:55,612 [WARN] ApiManager:294 - Cannot register API 'Board Extension:S2868A2' from pack STMicroelectronics.X-CUBE-SFXS2LP1.2.0.0: no header file found
2021-02-06 00:44:55,612 [WARN] ApiManager:294 - Cannot register API 'Board Extension:S2915A1' from pack STMicroelectronics.X-CUBE-SFXS2LP1.2.0.0: no header file found
2021-02-06 00:44:55,718 [WARN] ApiManager:294 - Cannot register API 'Board Extension:IKS01A3' from pack STMicroelectronics.X-CUBE-MEMS1.8.2.0: no header file found
2021-02-06 00:44:55,719 [WARN] ApiManager:294 - Cannot register API 'Board Extension:IKS01A2' from pack STMicroelectronics.X-CUBE-MEMS1.8.2.0: no header file found
2021-02-06 00:44:55,719 [WARN] ApiManager:294 - Cannot register API 'Board Extension:IKS02A1' from pack STMicroelectronics.X-CUBE-MEMS1.8.2.0: no header file found
2021-02-06 00:44:55,725 [WARN] ApiManager:294 - Cannot register API 'Board Extension:EEPRMA1' from pack STMicroelectronics.X-CUBE-EEPRMA1.3.0.0: no header file found
2021-02-06 00:44:55,725 [WARN] ApiManager:294 - Cannot register API 'Board Extension:EEPRMA2' from pack STMicroelectronics.X-CUBE-EEPRMA1.3.0.0: no header file found
2021-02-06 00:44:55,727 [INFO] RtosManager:464 - Registered RTOS mode: class=CMSIS, group=RTOS, mode=CMSIS_V1, owner=FREERTOS
2021-02-06 00:44:55,727 [INFO] RtosManager:464 - Registered RTOS mode: class=CMSIS, group=RTOS2, mode=CMSIS_V2, owner=FREERTOS
2021-02-06 00:44:55,727 [INFO] RtosManager:464 - Registered RTOS mode: class=RTOS, group=Core, mode=CMSIS_V1, owner=FREERTOS
2021-02-06 00:44:55,727 [INFO] RtosManager:464 - Registered RTOS mode: class=RTOS, group=Core, mode=CMSIS_V2, owner=FREERTOS
2021-02-06 00:44:55,727 [WARN] ModelIntegratedComponent:182 - Missing modes for component STMicroelectronics:FreeRTOS:0.0.1:STMicroelectronics:RTOS:FreeRTOS:Core:::10.2.0:
2021-02-06 00:44:55,729 [WARN] ApiManager:294 - Cannot register API 'Board Extension:GNSS1A1' from pack STMicroelectronics.X-CUBE-GNSS1.5.1.0: no header file found
2021-02-06 00:44:55,729 [WARN] ApiManager:294 - Cannot register API 'Board Support:Custom' from pack STMicroelectronics.X-CUBE-GNSS1.5.1.0: no header file found
2021-02-06 00:44:55,729 [WARN] ApiManager:294 - Cannot register API 'Data Exchange:lib_gnss' from pack STMicroelectronics.X-CUBE-GNSS1.5.1.0: no header file found
2021-02-06 00:44:55,729 [WARN] ApiManager:294 - Cannot register API 'Wireless:BlueNRG-MS' from pack STMicroelectronics.X-CUBE-BLE1.6.1.0: no header file found
2021-02-06 00:44:55,730 [WARN] ApiManager:294 - Cannot register API 'Board Extension:NFC04A1' from pack STMicroelectronics.X-CUBE-NFC4.2.0.1: no header file found
2021-02-06 00:44:55,731 [WARN] ApiManager:294 - Cannot register API 'Wireless:BlueNRG-2' from pack STMicroelectronics.X-CUBE-BLE2.3.1.0: no header file found
2021-02-06 00:44:55,889 [INFO] ImportTextPane:162 - (OptionalMessage_ERROR) IP (RCC) : Invalid parameter (48MHZClocksFreq_Value)
2021-02-06 00:44:55,889 [INFO] ImportTextPane:162 - (OptionalMessage_ERROR) IP (RCC) : Invalid parameter (EthernetFreq_Value)
2021-02-06 00:44:55,890 [INFO] ImportTextPane:162 - (OptionalMessage_ERROR) IP (RCC) : Parameter (FLatency) has Id (AdvancedSettings) currently not set
2021-02-06 00:44:55,890 [INFO] ImportTextPane:162 - (OptionalMessage_ERROR) IP (RCC) : Invalid parameter (FamilyName)
2021-02-06 00:44:55,890 [INFO] ImportTextPane:162 - (OptionalMessage_ERROR) IP (RCC) : Invalid parameter (I2SClocksFreq_Value)
2021-02-06 00:44:55,891 [INFO] ImportTextPane:162 - (OptionalMessage_ERROR) IP (RCC) : Parameter (SDIOFreq_Value) has invalid value (168000000)
2021-02-06 00:44:55,891 [INFO] ImportTextPane:162 - (OptionalMessage_ERROR) IP (RCC) : Parameter (USBFreq_Value) has invalid value (168000000)
2021-02-06 00:44:55,892 [INFO] ImportTextPane:162 - (OptionalMessage_ERROR) IP (RCC) : Invalid parameter (VCOInputMFreq_Value)
2021-02-06 00:44:55,892 [INFO] ImportTextPane:162 - (OptionalMessage_ERROR) IP (RCC) : Invalid parameter (VcooutputI2S)
2021-02-06 00:44:56,071 [INFO] UtilMem:74 - End LoadConfig() Used Memory: 575384760 Bytes (773849088)
2021-02-06 00:44:56,079 [WARN] ThirdParty:749 - waiting for thirdparty lock release [change project]
2021-02-06 00:44:56,079 [INFO] ThirdParty:751 - entering critical section [change project]
2021-02-06 00:44:56,079 [INFO] ThirdParty:939 - CMSIS Pack Vendor :STMicroelectronics USB_HOST 2.0.0
2021-02-06 00:44:56,079 [INFO] ThirdParty:939 - CMSIS Pack Vendor :STMicroelectronics X-CUBE-SUBG2 3.0.1
2021-02-06 00:44:56,079 [INFO] ThirdParty:939 - CMSIS Pack Vendor :STMicroelectronics USB_DEVICE 3.0.0
2021-02-06 00:44:56,079 [INFO] ThirdParty:939 - CMSIS Pack Vendor :STMicroelectronics HAL Drivers 0.0.0
2021-02-06 00:44:56,079 [INFO] ThirdParty:939 - CMSIS Pack Vendor :STMicroelectronics MBEDTLS 2.16.2
2021-02-06 00:44:56,079 [INFO] ThirdParty:939 - CMSIS Pack Vendor :STMicroelectronics X-CUBE-SFXS2LP1 2.0.0
2021-02-06 00:44:56,079 [INFO] ThirdParty:939 - CMSIS Pack Vendor :STMicroelectronics MBEDTLS 2.14.1
2021-02-06 00:44:56,079 [INFO] ThirdParty:939 - CMSIS Pack Vendor :STMicroelectronics USB_DEVICE 2.0.0
2021-02-06 00:44:56,079 [INFO] ThirdParty:939 - CMSIS Pack Vendor :STMicroelectronics X-CUBE-MEMS1 8.2.0
2021-02-06 00:44:56,080 [INFO] ThirdParty:939 - CMSIS Pack Vendor :STMicroelectronics X-CUBE-EEPRMA1 3.0.0
2021-02-06 00:44:56,080 [INFO] ThirdParty:939 - CMSIS Pack Vendor :STMicroelectronics X-CUBE-DISPLAY 1.0.0
2021-02-06 00:44:56,080 [INFO] ThirdParty:939 - CMSIS Pack Vendor :STMicroelectronics FreeRTOS 0.0.1
2021-02-06 00:44:56,080 [INFO] ThirdParty:939 - CMSIS Pack Vendor :STMicroelectronics USB_DEVICE 1.0.0
2021-02-06 00:44:56,080 [INFO] ThirdParty:939 - CMSIS Pack Vendor :STMicroelectronics X-CUBE-ALGOBUILD 1.1.0
2021-02-06 00:44:56,080 [INFO] ThirdParty:939 - CMSIS Pack Vendor :STMicroelectronics X-CUBE-GNSS1 5.1.0
2021-02-06 00:44:56,080 [INFO] ThirdParty:939 - CMSIS Pack Vendor :STMicroelectronics X-CUBE-BLE1 6.1.0
2021-02-06 00:44:56,080 [INFO] ThirdParty:939 - CMSIS Pack Vendor :STMicroelectronics lwIP 2.0.3
2021-02-06 00:44:56,080 [INFO] ThirdParty:939 - CMSIS Pack Vendor :STMicroelectronics lwIP 2.1.2
2021-02-06 00:44:56,080 [INFO] ThirdParty:939 - CMSIS Pack Vendor :STMicroelectronics USB_HOST 1.0.0
2021-02-06 00:44:56,080 [INFO] ThirdParty:939 - CMSIS Pack Vendor :STMicroelectronics X-CUBE-NFC4 2.0.1
2021-02-06 00:44:56,080 [INFO] ThirdParty:939 - CMSIS Pack Vendor :STMicroelectronics X-CUBE-AI 5.2.0
2021-02-06 00:44:56,080 [INFO] ThirdParty:939 - CMSIS Pack Vendor :STMicroelectronics PDM2PCM 3.1.0
2021-02-06 00:44:56,080 [INFO] ThirdParty:939 - CMSIS Pack Vendor :STMicroelectronics X-CUBE-TOUCHGFX 4.16.0
2021-02-06 00:44:56,080 [INFO] ThirdParty:939 - CMSIS Pack Vendor :STMicroelectronics PDM2PCM 3.2.0
2021-02-06 00:44:56,081 [INFO] ThirdParty:939 - CMSIS Pack Vendor :STMicroelectronics X-CUBE-BLE2 3.1.0
2021-02-06 00:44:56,081 [INFO] ThirdParty:939 - CMSIS Pack Vendor :STMicroelectronics PDM2PCM 3.3.0
2021-02-06 00:44:56,081 [INFO] ThirdParty:757 - exiting critical section [change project]
2021-02-06 00:44:56,294 [INFO] PinOutPanel:1434 - setPackage(No Configuration,No Configuration)
2021-02-06 00:44:56,295 [INFO] PinOutPanel:1434 - setPackage(STM32F446RETx,LQFP64)
2021-02-06 00:44:56,670 [INFO] UtilMem:74 - Before build in PCC Used Memory: 362993672 Bytes (773849088)
2021-02-06 00:44:57,085 [INFO] SharedServices:72 - Folder for power plug-in: C:/Users/seant/.stm32cubemx/plugins/power
2021-02-06 00:44:57,125 [INFO] SharedServices:72 - Folder for power plug-in: C:/Users/seant/.stm32cubemx/plugins/power
2021-02-06 00:44:57,168 [INFO] SharedServices:72 - Folder for power plug-in: C:/Users/seant/.stm32cubemx/plugins/power
2021-02-06 00:44:57,174 [INFO] SharedServices:72 - Folder for power plug-in: C:/Users/seant/.stm32cubemx/plugins/power
2021-02-06 00:44:57,313 [INFO] UtilMem:74 - After build in PCC Used Memory: 424333328 Bytes (773849088)
2021-02-06 00:44:57,334 [INFO] IPUIPlugin:64 - create IPUIPlugin
2021-02-06 00:44:57,334 [INFO] IPUIPlugin:64 - create IPUIPlugin
2021-02-06 00:44:57,335 [INFO] IPUIPlugin:64 - create IPUIPlugin
2021-02-06 00:44:57,335 [INFO] IPUIPlugin:64 - create IPUIPlugin
2021-02-06 00:44:57,335 [INFO] IPUIPlugin:64 - create IPUIPlugin
2021-02-06 00:44:57,335 [INFO] IPUIPlugin:64 - create IPUIPlugin
2021-02-06 00:44:57,335 [INFO] IPUIPlugin:64 - create IPUIPlugin
2021-02-06 00:44:57,335 [INFO] IPUIPlugin:64 - create IPUIPlugin
2021-02-06 00:44:57,335 [INFO] IPUIPlugin:64 - create IPUIPlugin
2021-02-06 00:44:57,336 [INFO] IPUIPlugin:64 - create IPUIPlugin
2021-02-06 00:44:57,336 [INFO] IPUIPlugin:64 - create IPUIPlugin
2021-02-06 00:44:57,336 [INFO] IPUIPlugin:64 - create IPUIPlugin
2021-02-06 00:44:57,336 [INFO] IPUIPlugin:64 - create IPUIPlugin
2021-02-06 00:44:57,336 [INFO] IPUIPlugin:64 - create IPUIPlugin
2021-02-06 00:44:57,336 [INFO] IPUIPlugin:64 - create IPUIPlugin
2021-02-06 00:44:57,336 [INFO] IPUIPlugin:64 - create IPUIPlugin
2021-02-06 00:44:57,337 [INFO] IPUIPlugin:64 - create IPUIPlugin
2021-02-06 00:44:57,337 [INFO] IPUIPlugin:64 - create IPUIPlugin
2021-02-06 00:44:57,337 [INFO] IPUIPlugin:64 - create IPUIPlugin
2021-02-06 00:44:57,337 [INFO] IPUIPlugin:64 - create IPUIPlugin
2021-02-06 00:44:57,337 [INFO] IPUIPlugin:64 - create IPUIPlugin
2021-02-06 00:44:57,337 [INFO] IPUIPlugin:64 - create IPUIPlugin
2021-02-06 00:44:57,338 [INFO] IPUIPlugin:64 - create IPUIPlugin
2021-02-06 00:44:57,338 [INFO] IPUIPlugin:64 - create IPUIPlugin
2021-02-06 00:44:57,338 [INFO] IPUIPlugin:64 - create IPUIPlugin
2021-02-06 00:44:57,338 [INFO] IPUIPlugin:64 - create IPUIPlugin
2021-02-06 00:44:57,339 [INFO] IPUIPlugin:64 - create IPUIPlugin
2021-02-06 00:44:57,339 [INFO] IPUIPlugin:64 - create IPUIPlugin
2021-02-06 00:44:57,339 [INFO] IPUIPlugin:64 - create IPUIPlugin
2021-02-06 00:44:57,339 [INFO] IPUIPlugin:64 - create IPUIPlugin
2021-02-06 00:44:57,340 [INFO] IPUIPlugin:64 - create IPUIPlugin
2021-02-06 00:44:57,340 [INFO] IPUIPlugin:64 - create IPUIPlugin
2021-02-06 00:44:57,340 [INFO] IPUIPlugin:64 - create IPUIPlugin
2021-02-06 00:44:57,340 [INFO] IPUIPlugin:64 - create IPUIPlugin
2021-02-06 00:44:57,340 [INFO] IPUIPlugin:64 - create IPUIPlugin
2021-02-06 00:44:57,341 [INFO] IPUIPlugin:64 - create IPUIPlugin
2021-02-06 00:44:57,341 [INFO] IPUIPlugin:64 - create IPUIPlugin
2021-02-06 00:44:57,341 [INFO] IPUIPlugin:64 - create IPUIPlugin
2021-02-06 00:44:57,341 [INFO] IPUIPlugin:64 - create IPUIPlugin
2021-02-06 00:44:57,342 [INFO] IPUIPlugin:64 - create IPUIPlugin
2021-02-06 00:44:57,342 [INFO] IPUIPlugin:64 - create IPUIPlugin
2021-02-06 00:44:57,342 [INFO] IPUIPlugin:64 - create IPUIPlugin
2021-02-06 00:44:57,342 [INFO] IPUIPlugin:64 - create IPUIPlugin
2021-02-06 00:44:57,343 [INFO] IPUIPlugin:64 - create IPUIPlugin
2021-02-06 00:44:57,343 [INFO] IPUIPlugin:64 - create IPUIPlugin
2021-02-06 00:44:57,343 [INFO] IPUIPlugin:64 - create IPUIPlugin
2021-02-06 00:44:57,343 [INFO] IPUIPlugin:64 - create IPUIPlugin
2021-02-06 00:44:57,344 [INFO] IPUIPlugin:64 - create IPUIPlugin
2021-02-06 00:44:57,344 [INFO] IPUIPlugin:64 - create IPUIPlugin
2021-02-06 00:44:57,344 [INFO] IPUIPlugin:64 - create IPUIPlugin
2021-02-06 00:44:57,345 [INFO] IPUIPlugin:64 - create IPUIPlugin
2021-02-06 00:44:57,345 [INFO] IPUIPlugin:64 - create IPUIPlugin
2021-02-06 00:44:57,345 [INFO] IPUIPlugin:64 - create IPUIPlugin
2021-02-06 00:44:57,346 [INFO] IPUIPlugin:64 - create IPUIPlugin
2021-02-06 00:44:57,346 [INFO] IPUIPlugin:64 - create IPUIPlugin
2021-02-06 00:44:57,346 [INFO] IPUIPlugin:64 - create IPUIPlugin
2021-02-06 00:44:57,347 [INFO] IPUIPlugin:64 - create IPUIPlugin
2021-02-06 00:44:57,348 [INFO] IPUIPlugin:64 - create IPUIPlugin
2021-02-06 00:44:57,348 [INFO] IPUIPlugin:64 - create IPUIPlugin
2021-02-06 00:44:57,348 [INFO] IPUIPlugin:64 - create IPUIPlugin
2021-02-06 00:44:57,414 [INFO] ApiDbMcu:456 - Load IP Config File for PDM2PCM
2021-02-06 00:44:57,447 [INFO] LogOutputStream:76 - [STDOUT_REDIRECT] toolchainItems.length=====1
2021-02-06 00:44:57,528 [INFO] OpenFileManager:294 - Restore cursor
2021-02-06 00:44:57,790 [INFO] UtilMem:74 - End SaveConfig() Used Memory: 528142352 Bytes (773849088)
2021-02-06 00:44:57,849 [INFO] UtilMem:74 - End SaveConfig() Used Memory: 537057608 Bytes (773849088)
2021-02-06 00:44:58,206 [INFO] BlockDiagram:2735 - set Specific Code input for plugin: SPI
2021-02-06 00:44:58,206 [INFO] BlockDiagram:2735 - set Specific Code input for plugin: SYS
2021-02-06 00:44:58,206 [INFO] BlockDiagram:2735 - set Specific Code input for plugin: RCC
2021-02-06 00:44:58,206 [INFO] BlockDiagram:2735 - set Specific Code input for plugin: NVIC
2021-02-06 00:44:58,207 [INFO] BlockDiagram:2735 - set Specific Code input for plugin: USART
2021-02-06 00:44:58,207 [INFO] BlockDiagram:2735 - set Specific Code input for plugin: GPIO
2021-02-06 00:44:58,208 [INFO] CodeGenerator:639 - code generatio: config db path: C:\ST\STM32CubeIDE_1.5.0\STM32CubeIDE\plugins\com.st.stm32cube.common.mx_6.1.0.202011121557\\db\
2021-02-06 00:44:58,718 [INFO] CodeEngine:229 - oldGeneratedFile, C:\Users\seant\OneDrive\Documents\QSAT\CC1120\NUCLEO-F446RE-CC1120\NUCLEO-F446RE-CC1120\MXTmpFiles\license.tmp_save
2021-02-06 00:44:59,083 [INFO] CodeEngine:247 - Generated code: C:\Users\seant\OneDrive\Documents\QSAT\CC1120\NUCLEO-F446RE-CC1120\NUCLEO-F446RE-CC1120\MXTmpFiles\license.tmp
2021-02-06 00:44:59,165 [INFO] CodeEngine:229 - oldGeneratedFile, C:\Users\seant\OneDrive\Documents\QSAT\CC1120\NUCLEO-F446RE-CC1120\NUCLEO-F446RE-CC1120\MXTmpFiles\gpio.tmp_save
2021-02-06 00:44:59,259 [INFO] CodeEngine:247 - Generated code: C:\Users\seant\OneDrive\Documents\QSAT\CC1120\NUCLEO-F446RE-CC1120\NUCLEO-F446RE-CC1120\MXTmpFiles\gpio.tmp
2021-02-06 00:44:59,370 [INFO] LogOutputStream:76 - [STDOUT_REDIRECT] Command line
2021-02-06 00:44:59,372 [INFO] LogOutputStream:76 - [STDOUT_REDIRECT] Command line
2021-02-06 00:44:59,414 [INFO] CodeEngine:229 - oldGeneratedFile, C:\Users\seant\OneDrive\Documents\QSAT\CC1120\NUCLEO-F446RE-CC1120\NUCLEO-F446RE-CC1120\Core\Src\stm32f4xx_it.c_save
2021-02-06 00:44:59,525 [INFO] CodeEngine:247 - Generated code: C:\Users\seant\OneDrive\Documents\QSAT\CC1120\NUCLEO-F446RE-CC1120\NUCLEO-F446RE-CC1120\Core\Src\stm32f4xx_it.c
2021-02-06 00:44:59,535 [INFO] CodeEngine:229 - oldGeneratedFile, C:\Users\seant\OneDrive\Documents\QSAT\CC1120\NUCLEO-F446RE-CC1120\NUCLEO-F446RE-CC1120\Core\Inc\stm32f4xx_it.h_save
2021-02-06 00:44:59,602 [INFO] CodeEngine:247 - Generated code: C:\Users\seant\OneDrive\Documents\QSAT\CC1120\NUCLEO-F446RE-CC1120\NUCLEO-F446RE-CC1120\Core\Inc\stm32f4xx_it.h
2021-02-06 00:44:59,642 [INFO] CodeEngine:229 - oldGeneratedFile, C:\Users\seant\OneDrive\Documents\QSAT\CC1120\NUCLEO-F446RE-CC1120\NUCLEO-F446RE-CC1120\Core\Src\stm32f4xx_hal_msp.c_save
2021-02-06 00:44:59,751 [INFO] CodeEngine:247 - Generated code: C:\Users\seant\OneDrive\Documents\QSAT\CC1120\NUCLEO-F446RE-CC1120\NUCLEO-F446RE-CC1120\Core\Src\stm32f4xx_hal_msp.c
2021-02-06 00:44:59,761 [INFO] CodeEngine:229 - oldGeneratedFile, C:\Users\seant\OneDrive\Documents\QSAT\CC1120\NUCLEO-F446RE-CC1120\NUCLEO-F446RE-CC1120\MXTmpFiles\system.tmp_save
2021-02-06 00:44:59,817 [INFO] CodeEngine:247 - Generated code: C:\Users\seant\OneDrive\Documents\QSAT\CC1120\NUCLEO-F446RE-CC1120\NUCLEO-F446RE-CC1120\MXTmpFiles\system.tmp
2021-02-06 00:44:59,851 [INFO] CodeEngine:229 - oldGeneratedFile, C:\Users\seant\OneDrive\Documents\QSAT\CC1120\NUCLEO-F446RE-CC1120\NUCLEO-F446RE-CC1120\Core\Inc\stm32f4xx_hal_conf.h_save
2021-02-06 00:44:59,936 [INFO] CodeEngine:247 - Generated code: C:\Users\seant\OneDrive\Documents\QSAT\CC1120\NUCLEO-F446RE-CC1120\NUCLEO-F446RE-CC1120\Core\Inc\stm32f4xx_hal_conf.h
2021-02-06 00:44:59,999 [INFO] CodeEngine:229 - oldGeneratedFile, C:\Users\seant\OneDrive\Documents\QSAT\CC1120\NUCLEO-F446RE-CC1120\NUCLEO-F446RE-CC1120\Core\Inc\main.h_save
2021-02-06 00:45:00,079 [INFO] CodeEngine:247 - Generated code: C:\Users\seant\OneDrive\Documents\QSAT\CC1120\NUCLEO-F446RE-CC1120\NUCLEO-F446RE-CC1120\Core\Inc\main.h
2021-02-06 00:45:00,097 [INFO] CodeEngine:229 - oldGeneratedFile, C:\Users\seant\OneDrive\Documents\QSAT\CC1120\NUCLEO-F446RE-CC1120\NUCLEO-F446RE-CC1120\Core\Src\main.c_save
2021-02-06 00:45:00,199 [INFO] CodeEngine:247 - Generated code: C:\Users\seant\OneDrive\Documents\QSAT\CC1120\NUCLEO-F446RE-CC1120\NUCLEO-F446RE-CC1120\Core\Src\main.c
2021-02-06 00:45:01,170 [INFO] ProjectBuilder:2328 - Time for Copy HAL[1] : 496mS.
2021-02-06 00:45:01,177 [INFO] ProjectBuilder:3259 - Project Generator version: 3.11.0-B13
2021-02-06 00:45:01,558 [INFO] ConfigFileManager:1238 - The Die is : DIE421
2021-02-06 00:45:01,578 [INFO] ApiDbMcu:456 - Load IP Config File for FATFS
2021-02-06 00:45:01,590 [INFO] ApiDbMcu:456 - Load IP Config File for FREERTOS
2021-02-06 00:45:01,599 [INFO] ApiDbMcu:456 - Load IP Config File for LIBJPEG
2021-02-06 00:45:01,610 [INFO] ApiDbMcu:456 - Load IP Config File for MBEDTLS
2021-02-06 00:45:01,625 [INFO] ApiDbMcu:456 - Load IP Config File for USB_DEVICE
2021-02-06 00:45:01,635 [INFO] ApiDbMcu:456 - Load IP Config File for USB_HOST
2021-02-06 00:45:06,806 [INFO] ProjectBuilder:3425 - Time for Generating toolchain IDE Files: 5629mS.
2021-02-06 00:45:06,806 [INFO] ProjectBuilder:2207 - Time for Copy CMSIS : 0mS.
2021-02-06 00:45:06,810 [INFO] ProjectBuilder:2207 - Time for Copy CMSIS : 0mS.
2021-02-06 00:45:07,901 [INFO] ApiDb:263 - Save user favorites file C:\Users\seant/.stm32cubeide/favorites.mcus.txt: 0 item(s)
2021-02-06 00:45:07,901 [INFO] ApiDb:267 - User favorites MCUs=[]
2021-02-06 00:45:56,420 [INFO] UtilMem:74 - End SaveConfig() Used Memory: 523631112 Bytes (921698304)
2021-02-06 00:45:57,407 [INFO] UtilMem:74 - End SaveConfig() Used Memory: 534643200 Bytes (921698304)
2021-02-06 00:45:59,412 [INFO] UtilMem:74 - End SaveConfig() Used Memory: 652083712 Bytes (921698304)
2021-02-06 00:45:59,669 [INFO] BlockDiagram:2735 - set Specific Code input for plugin: SPI
2021-02-06 00:45:59,669 [INFO] BlockDiagram:2735 - set Specific Code input for plugin: SYS
2021-02-06 00:45:59,669 [INFO] BlockDiagram:2735 - set Specific Code input for plugin: RCC
2021-02-06 00:45:59,670 [INFO] BlockDiagram:2735 - set Specific Code input for plugin: NVIC
2021-02-06 00:45:59,670 [INFO] BlockDiagram:2735 - set Specific Code input for plugin: USART
2021-02-06 00:45:59,670 [INFO] BlockDiagram:2735 - set Specific Code input for plugin: GPIO
2021-02-06 00:45:59,671 [INFO] CodeGenerator:639 - code generatio: config db path: C:\ST\STM32CubeIDE_1.5.0\STM32CubeIDE\plugins\com.st.stm32cube.common.mx_6.1.0.202011121557\\db\
2021-02-06 00:45:59,870 [INFO] CodeEngine:229 - oldGeneratedFile, C:\Users\seant\OneDrive\Documents\QSAT\CC1120\NUCLEO-F446RE-CC1120\NUCLEO-F446RE-CC1120\MXTmpFiles\license.tmp_save
2021-02-06 00:45:59,927 [INFO] CodeEngine:247 - Generated code: C:\Users\seant\OneDrive\Documents\QSAT\CC1120\NUCLEO-F446RE-CC1120\NUCLEO-F446RE-CC1120\MXTmpFiles\license.tmp
2021-02-06 00:45:59,964 [INFO] CodeEngine:229 - oldGeneratedFile, C:\Users\seant\OneDrive\Documents\QSAT\CC1120\NUCLEO-F446RE-CC1120\NUCLEO-F446RE-CC1120\MXTmpFiles\gpio.tmp_save
2021-02-06 00:46:00,031 [INFO] CodeEngine:247 - Generated code: C:\Users\seant\OneDrive\Documents\QSAT\CC1120\NUCLEO-F446RE-CC1120\NUCLEO-F446RE-CC1120\MXTmpFiles\gpio.tmp
2021-02-06 00:46:00,079 [INFO] LogOutputStream:76 - [STDOUT_REDIRECT] Command line
2021-02-06 00:46:00,081 [INFO] LogOutputStream:76 - [STDOUT_REDIRECT] Command line
2021-02-06 00:46:00,118 [INFO] CodeEngine:229 - oldGeneratedFile, C:\Users\seant\OneDrive\Documents\QSAT\CC1120\NUCLEO-F446RE-CC1120\NUCLEO-F446RE-CC1120\Core\Src\stm32f4xx_it.c_save
2021-02-06 00:46:00,201 [INFO] CodeEngine:247 - Generated code: C:\Users\seant\OneDrive\Documents\QSAT\CC1120\NUCLEO-F446RE-CC1120\NUCLEO-F446RE-CC1120\Core\Src\stm32f4xx_it.c
2021-02-06 00:46:00,208 [INFO] CodeEngine:229 - oldGeneratedFile, C:\Users\seant\OneDrive\Documents\QSAT\CC1120\NUCLEO-F446RE-CC1120\NUCLEO-F446RE-CC1120\Core\Inc\stm32f4xx_it.h_save
2021-02-06 00:46:00,276 [INFO] CodeEngine:247 - Generated code: C:\Users\seant\OneDrive\Documents\QSAT\CC1120\NUCLEO-F446RE-CC1120\NUCLEO-F446RE-CC1120\Core\Inc\stm32f4xx_it.h
2021-02-06 00:46:00,320 [INFO] CodeEngine:229 - oldGeneratedFile, C:\Users\seant\OneDrive\Documents\QSAT\CC1120\NUCLEO-F446RE-CC1120\NUCLEO-F446RE-CC1120\Core\Src\stm32f4xx_hal_msp.c_save
2021-02-06 00:46:00,417 [INFO] CodeEngine:247 - Generated code: C:\Users\seant\OneDrive\Documents\QSAT\CC1120\NUCLEO-F446RE-CC1120\NUCLEO-F446RE-CC1120\Core\Src\stm32f4xx_hal_msp.c
2021-02-06 00:46:00,422 [INFO] CodeEngine:229 - oldGeneratedFile, C:\Users\seant\OneDrive\Documents\QSAT\CC1120\NUCLEO-F446RE-CC1120\NUCLEO-F446RE-CC1120\MXTmpFiles\system.tmp_save
2021-02-06 00:46:00,471 [INFO] CodeEngine:247 - Generated code: C:\Users\seant\OneDrive\Documents\QSAT\CC1120\NUCLEO-F446RE-CC1120\NUCLEO-F446RE-CC1120\MXTmpFiles\system.tmp
2021-02-06 00:46:00,505 [INFO] CodeEngine:229 - oldGeneratedFile, C:\Users\seant\OneDrive\Documents\QSAT\CC1120\NUCLEO-F446RE-CC1120\NUCLEO-F446RE-CC1120\Core\Inc\stm32f4xx_hal_conf.h_save
2021-02-06 00:46:00,593 [INFO] CodeEngine:247 - Generated code: C:\Users\seant\OneDrive\Documents\QSAT\CC1120\NUCLEO-F446RE-CC1120\NUCLEO-F446RE-CC1120\Core\Inc\stm32f4xx_hal_conf.h
2021-02-06 00:46:00,647 [INFO] CodeEngine:229 - oldGeneratedFile, C:\Users\seant\OneDrive\Documents\QSAT\CC1120\NUCLEO-F446RE-CC1120\NUCLEO-F446RE-CC1120\Core\Inc\main.h_save
2021-02-06 00:46:00,707 [INFO] CodeEngine:247 - Generated code: C:\Users\seant\OneDrive\Documents\QSAT\CC1120\NUCLEO-F446RE-CC1120\NUCLEO-F446RE-CC1120\Core\Inc\main.h
2021-02-06 00:46:00,724 [INFO] CodeEngine:229 - oldGeneratedFile, C:\Users\seant\OneDrive\Documents\QSAT\CC1120\NUCLEO-F446RE-CC1120\NUCLEO-F446RE-CC1120\Core\Src\main.c_save
2021-02-06 00:46:00,836 [INFO] CodeEngine:247 - Generated code: C:\Users\seant\OneDrive\Documents\QSAT\CC1120\NUCLEO-F446RE-CC1120\NUCLEO-F446RE-CC1120\Core\Src\main.c
2021-02-06 00:46:01,488 [INFO] ProjectBuilder:2328 - Time for Copy HAL[1] : 120mS.
2021-02-06 00:46:01,493 [INFO] ProjectBuilder:3259 - Project Generator version: 3.11.0-B13
2021-02-06 00:46:01,711 [INFO] ConfigFileManager:1238 - The Die is : DIE421
2021-02-06 00:46:03,252 [INFO] ProjectBuilder:3425 - Time for Generating toolchain IDE Files: 1759mS.
2021-02-06 00:46:03,253 [INFO] ProjectBuilder:2207 - Time for Copy CMSIS : 0mS.
2021-02-06 00:46:03,256 [INFO] ProjectBuilder:2207 - Time for Copy CMSIS : 0mS.
2021-02-06 00:48:22,387 [INFO] Activator:170 - 


2021-02-06 00:48:22,389 [INFO] Activator:171 - !SESSION log4j initialized
